<?xml version="1.0" encoding="UTF-8"?>
<!-- Generated by org.testng.reporters.JUnitXMLReporter -->
<testsuite ignored="0" hostname="windows" failures="0" tests="5" name="Test" time="154.925" errors="0" timestamp="2020-08-12T23:09:53 PDT">
  <testcase classname="test.LoginTest" name="login" time="9.553"/>
  <testcase classname="test.LoginTest" name="clientPageTest" time="25.726"/>
  <testcase classname="test.LoginTest" name="createClientTest" time="26.857"/>
  <testcase classname="test.LoginTest" name="workerTest" time="25.054"/>
  <testcase classname="test.LoginTest" name="createWorkerTest" time="67.512"/>
</testsuite> <!-- Test -->
