<?xml version="1.0" encoding="UTF-8"?>
<testng-results ignored="0" total="5" passed="5" failed="0" skipped="0">
  <reporter-output>
  </reporter-output>
  <suite started-at="2020-08-12T23:07:18 PDT" name="Suite" finished-at="2020-08-12T23:09:53 PDT" duration-ms="154925">
    <groups>
    </groups>
    <test started-at="2020-08-12T23:07:18 PDT" name="Test" finished-at="2020-08-12T23:09:53 PDT" duration-ms="154925">
      <class name="test.LoginTest">
        <test-method is-config="true" signature="upurl()[pri:0, instance:test.LoginTest@65d6b83b]" started-at="2020-08-12T23:07:09 PDT" name="upurl" finished-at="2020-08-12T23:07:18 PDT" duration-ms="9678" status="PASS">
          <reporter-output>
          </reporter-output>
        </test-method> <!-- upurl -->
        <test-method signature="login(java.lang.String, java.lang.String)[pri:0, instance:test.LoginTest@65d6b83b]" started-at="2020-08-12T23:07:18 PDT" name="login" data-provider="dp" finished-at="2020-08-12T23:07:28 PDT" duration-ms="9553" status="PASS">
          <params>
            <param index="0">
              <value>
                <![CDATA[carol]]>
              </value>
            </param>
            <param index="1">
              <value>
                <![CDATA[1q2w3e4r]]>
              </value>
            </param>
          </params>
          <reporter-output>
          </reporter-output>
        </test-method> <!-- login -->
        <test-method signature="clientPageTest()[pri:1, instance:test.LoginTest@65d6b83b]" started-at="2020-08-12T23:07:28 PDT" name="clientPageTest" finished-at="2020-08-12T23:07:54 PDT" duration-ms="25726" status="PASS">
          <reporter-output>
          </reporter-output>
        </test-method> <!-- clientPageTest -->
        <test-method signature="createClientTest()[pri:2, instance:test.LoginTest@65d6b83b]" started-at="2020-08-12T23:07:54 PDT" name="createClientTest" finished-at="2020-08-12T23:08:21 PDT" duration-ms="26857" status="PASS">
          <reporter-output>
          </reporter-output>
        </test-method> <!-- createClientTest -->
        <test-method signature="workerTest()[pri:3, instance:test.LoginTest@65d6b83b]" started-at="2020-08-12T23:08:21 PDT" name="workerTest" finished-at="2020-08-12T23:08:46 PDT" duration-ms="25054" status="PASS">
          <reporter-output>
          </reporter-output>
        </test-method> <!-- workerTest -->
        <test-method signature="createWorkerTest()[pri:4, instance:test.LoginTest@65d6b83b]" started-at="2020-08-12T23:08:46 PDT" name="createWorkerTest" finished-at="2020-08-12T23:09:53 PDT" duration-ms="67512" status="PASS">
          <reporter-output>
          </reporter-output>
        </test-method> <!-- createWorkerTest -->
        <test-method is-config="true" signature="exit()[pri:0, instance:test.LoginTest@65d6b83b]" started-at="2020-08-12T23:09:53 PDT" name="exit" finished-at="2020-08-12T23:09:54 PDT" duration-ms="616" status="PASS">
          <reporter-output>
          </reporter-output>
        </test-method> <!-- exit -->
      </class> <!-- test.LoginTest -->
    </test> <!-- Test -->
  </suite> <!-- Suite -->
</testng-results>
